2026-06-17 08:00:01 INFO [main] com.example.App: Application started on port 8080
2026-06-17 08:00:02 INFO [pool-1-thread-1] com.example.db.ConnectionPool: Connection pool initialized with 10 connections
2026-06-17 08:00:03 INFO [main] com.example.cache.CacheManager: Redis cache connected at redis://localhost:6379
2026-06-17 08:01:15 INFO [http-nio-8080-exec-1] com.example.web.UserController: GET /api/users/12345 200 45ms
2026-06-17 08:01:20 INFO [http-nio-8080-exec-2] com.example.web.OrderController: POST /api/orders 201 120ms
2026-06-17 08:02:05 WARN [http-nio-8080-exec-3] com.example.web.OrderController: Order amount exceeds threshold: order_id=ORD-1001, amount=50000.00
2026-06-17 08:03:10 ERROR [http-nio-8080-exec-4] com.example.db.UserRepository: Database connection timeout after 5000ms: jdbc:mysql://db01:3306/users?connectTimeout=5000
java.sql.SQLTimeoutException: Connection timed out
	at com.mysql.cj.jdbc.ConnectionImpl.connect(ConnectionImpl.java:234)
	at com.example.db.ConnectionPool.getConnection(ConnectionPool.java:56)
	at com.example.db.UserRepository.findById(UserRepository.java:42)
	at com.example.web.UserController.getUser(UserController.java:28)
	at sun.reflect.NativeMethodAccessorImpl.invoke0(Native Method)
	... 23 more
2026-06-17 08:03:15 WARN [pool-1-thread-2] com.example.db.ConnectionPool: Retrying connection to db01 (attempt 1/3)
2026-06-17 08:03:16 ERROR [pool-1-thread-2] com.example.db.ConnectionPool: Retry failed: Host db01 unreachable
2026-06-17 08:03:17 WARN [pool-1-thread-2] com.example.db.ConnectionPool: Retrying connection to db01 (attempt 2/3)
2026-06-17 08:03:18 WARN [http-nio-8080-exec-5] com.example.web.UserController: Slow response: GET /api/users/12346 3200ms
2026-06-17 08:03:20 ERROR [http-nio-8080-exec-6] com.example.web.UserController: Request failed: GET /api/users/12347 - Service Unavailable
2026-06-17 08:03:21 ERROR [http-nio-8080-exec-7] com.example.web.OrderController: Request failed: POST /api/orders - Service Unavailable
java.lang.IllegalStateException: Connection pool exhausted
	at com.example.db.ConnectionPool.getConnection(ConnectionPool.java:62)
	at com.example.db.OrderRepository.save(OrderRepository.java:35)
	at com.example.web.OrderController.createOrder(OrderController.java:45)
	... 15 more
2026-06-17 08:03:25 ERROR [http-nio-8080-exec-8] com.example.web.OrderController: OutOfMemoryError: Java heap space
java.lang.OutOfMemoryError: Java heap space
	at java.util.Arrays.copyOf(Arrays.java:3236)
	at java.util.ArrayList.grow(ArrayList.java:267)
	at com.example.cache.CacheManager.loadAll(CacheManager.java:78)
	... 8 more
2026-06-17 08:03:30 FATAL [main] com.example.App: Fatal error - shutting down
2026-06-17 08:03:31 INFO [main] com.example.App: Shutdown complete
2026-06-17 08:10:00 INFO [main] com.example.App: Application started on port 8080
2026-06-17 08:10:01 INFO [main] com.example.db.ConnectionPool: Connection pool initialized with 10 connections
2026-06-17 08:11:00 INFO [http-nio-8080-exec-1] com.example.web.UserController: GET /api/users/12345 200 42ms
2026-06-17 08:12:30 WARN [http-nio-8080-exec-2] com.example.web.OrderController: Order amount exceeds threshold: order_id=ORD-1005, amount=75000.00
2026-06-17 08:13:00 ERROR [http-nio-8080-exec-3] com.example.web.PaymentController: Payment gateway timeout: tx_id=TXN-5001, elapsed=10000ms
java.net.SocketTimeoutException: Read timed out
	at java.net.SocketInputStream.socketRead0(Native Method)
	at com.example.payment.PaymentGateway.process(PaymentGateway.java:89)
	at com.example.web.PaymentController.pay(PaymentController.java:34)
	... 18 more
2026-06-17 08:13:05 INFO [http-nio-8080-exec-4] com.example.web.PaymentController: Payment retry succeeded: tx_id=TXN-5001
2026-06-17 08:14:00 ERROR [http-nio-8080-exec-5] com.example.web.ReportController: Report generation failed: disk space full
2026-06-17 08:14:01 ERROR [http-nio-8080-exec-6] com.example.web.ReportController: Report generation failed: disk space full
2026-06-17 08:14:02 ERROR [http-nio-8080-exec-7] com.example.web.ReportController: Report generation failed: disk space full
2026-06-17 08:14:03 ERROR [http-nio-8080-exec-8] com.example.web.ReportController: Report generation failed: disk space full
2026-06-17 08:15:00 WARN [pool-1-thread-1] com.example.cache.CacheManager: Redis cache eviction rate high: 45% entries evicted in last 60s
2026-06-17 08:16:00 INFO [http-nio-8080-exec-9] com.example.web.UserController: GET /api/users/12348 200 38ms
2026-06-17 08:20:00 ERROR [http-nio-8080-exec-10] com.example.web.UserController: Database connection timeout after 5000ms
2026-06-17 08:25:00 INFO [main] com.example.App: Health check: DOWN (db=OFFLINE, cache=WARN, disk=FULL)
